<?xml version="1.0" encoding="UTF-8"?>
<!-- Generated by org.testng.reporters.JUnitXMLReporter -->
<testsuite ignored="0" hostname="LAPTOP-IQ2CFSVN" failures="0" tests="5" name="Default test" time="17.294" errors="0" timestamp="2025-05-06T11:33:10 IST">
  <testcase classname="com.frost.learningmate.Sample" name="Logi" time="5.068"/>
  <testcase classname="com.frost.learningmate.Sample" name="Logi" time="2.563"/>
  <testcase classname="com.frost.learningmate.Sample" name="Logi" time="2.286"/>
  <testcase classname="com.frost.learningmate.Sample" name="Logi" time="3.528"/>
  <testcase classname="com.frost.learningmate.Sample" name="Logi" time="3.728"/>
</testsuite> <!-- Default test -->
