<?xml version="1.0" encoding="UTF-8"?>
<testng-results ignored="0" total="5" passed="5" failed="0" skipped="0">
  <reporter-output>
  </reporter-output>
  <suite started-at="2025-05-06T11:32:52 IST" name="Default suite" finished-at="2025-05-06T11:33:09 IST" duration-ms="17294">
    <groups>
    </groups>
    <test started-at="2025-05-06T11:32:52 IST" name="Default test" finished-at="2025-05-06T11:33:09 IST" duration-ms="17294">
      <class name="com.frost.learningmate.Sample">
        <test-method signature="Logi()[pri:0, instance:com.frost.learningmate.Sample@3c77d488]" started-at="2025-05-06T11:32:52 IST" name="Logi" finished-at="2025-05-06T11:32:57 IST" duration-ms="5068" status="PASS">
          <reporter-output>
          </reporter-output>
        </test-method> <!-- Logi -->
        <test-method signature="Logi()[pri:0, instance:com.frost.learningmate.Sample@3c77d488]" started-at="2025-05-06T11:32:57 IST" name="Logi" finished-at="2025-05-06T11:33:00 IST" duration-ms="2563" status="PASS">
          <reporter-output>
          </reporter-output>
        </test-method> <!-- Logi -->
        <test-method signature="Logi()[pri:0, instance:com.frost.learningmate.Sample@3c77d488]" started-at="2025-05-06T11:33:00 IST" name="Logi" finished-at="2025-05-06T11:33:02 IST" duration-ms="2286" status="PASS">
          <reporter-output>
          </reporter-output>
        </test-method> <!-- Logi -->
        <test-method signature="Logi()[pri:0, instance:com.frost.learningmate.Sample@3c77d488]" started-at="2025-05-06T11:33:02 IST" name="Logi" finished-at="2025-05-06T11:33:06 IST" duration-ms="3528" status="PASS">
          <reporter-output>
          </reporter-output>
        </test-method> <!-- Logi -->
        <test-method signature="Logi()[pri:0, instance:com.frost.learningmate.Sample@3c77d488]" started-at="2025-05-06T11:33:06 IST" name="Logi" finished-at="2025-05-06T11:33:09 IST" duration-ms="3728" status="PASS">
          <reporter-output>
          </reporter-output>
        </test-method> <!-- Logi -->
      </class> <!-- com.frost.learningmate.Sample -->
    </test> <!-- Default test -->
  </suite> <!-- Default suite -->
</testng-results>
